#
# There is insufficient memory for the Java Runtime Environment to continue.
# Native memory allocation (malloc) failed to allocate 1083792 bytes for Chunk::new
# Possible reasons:
#   The system is out of physical RAM or swap space
#   The process is running with CompressedOops enabled, and the Java Heap may be blocking the growth of the native heap
# Possible solutions:
#   Reduce memory load on the system
#   Increase physical memory or swap space
#   Check if swap backing store is full
#   Decrease Java heap size (-Xmx/-Xms)
#   Decrease number of Java threads
#   Decrease Java thread stack sizes (-Xss)
#   Set larger code cache with -XX:ReservedCodeCacheSize=
#   JVM is running with Unscaled Compressed Oops mode in which the Java heap is
#     placed in the first 4GB address space. The Java Heap base address is the
#     maximum limit for the native heap growth. Please use -XX:HeapBaseMinAddress
#     to set the Java Heap base and to place the Java Heap above 4GB virtual address.
# This output file may be truncated or incomplete.
#
#  Out of Memory Error (./open/src/hotspot/share/memory/arena.cpp:195), pid=5008, tid=16200
#
# JRE version: Java(TM) SE Runtime Environment (15.0.2+7) (build 15.0.2+7-27)
# Java VM: Java HotSpot(TM) 64-Bit Server VM (15.0.2+7-27, mixed mode, sharing, tiered, compressed oops, g1 gc, windows-amd64)
# No core dump will be written. Minidumps are not enabled by default on client versions of Windows
#

---------------  S U M M A R Y ------------

Command Line: -javaagent:C:\Program Files\JetBrains\IntelliJ IDEA Community Edition 2022.1.1\lib\idea_rt.jar=50267:C:\Program Files\JetBrains\IntelliJ IDEA Community Edition 2022.1.1\bin -Dfile.encoding=UTF-8 edu.pfe.staffing.StaffingApplication

Host: Intel(R) Core(TM) i5-8350U CPU @ 1.70GHz, 8 cores, 7G,  Windows 10 , 64 bit Build 17134 (10.0.17134.2145)
Time: Mon Oct  3 14:18:06 2022 Afr. centrale Ouest elapsed time: 25.731037 seconds (0d 0h 0m 25s)

---------------  T H R E A D  ---------------

Current thread (0x0000016165cb32f0):  JavaThread "C2 CompilerThread0" daemon [_thread_in_native, id=16200, stack(0x0000005df5000000,0x0000005df5100000)]


Current CompileTask:
C2:  25731 6111   !   4       org.springframework.core.annotation.AnnotatedElementUtils::searchWithFindSemantics (774 bytes)

Stack: [0x0000005df5000000,0x0000005df5100000]
Native frames: (J=compiled Java code, j=interpreted, Vv=VM code, C=native code)
V  [jvm.dll+0x62ae9a]
V  [jvm.dll+0x7817a9]
V  [jvm.dll+0x782f03]
V  [jvm.dll+0x783563]
V  [jvm.dll+0x216325]
V  [jvm.dll+0x97f3a]
V  [jvm.dll+0x9861c]
V  [jvm.dll+0x32e305]
V  [jvm.dll+0x2f768a]
V  [jvm.dll+0x2f6a4a]
V  [jvm.dll+0x1ea705]
V  [jvm.dll+0x1e996e]
V  [jvm.dll+0x178567]
V  [jvm.dll+0x1f9225]
V  [jvm.dll+0x1f72cc]
V  [jvm.dll+0x74495d]
V  [jvm.dll+0x73d75a]
V  [jvm.dll+0x629c56]
C  [ucrtbase.dll+0x1e3fe]
C  [KERNEL32.DLL+0x14034]
C  [ntdll.dll+0x73691]


---------------  P R O C E S S  ---------------

Threads class SMR info:
_java_thread_list=0x000001616a851420, length=17, elements={
0x000001614744d2c0, 0x0000016165c8c570, 0x0000016165c8dfe0, 0x0000016165ca5c30,
0x0000016165ca65f0, 0x0000016165cac260, 0x0000016165cb32f0, 0x0000016165cb5b10,
0x0000016165cbdfc0, 0x0000016165c6e640, 0x0000016167c7abb0, 0x0000016167cae340,
0x000001616a53db10, 0x000001616a529400, 0x000001616adad890, 0x000001616a3e0fa0,
0x0000016168a9a050
}

Java Threads: ( => current thread )
  0x000001614744d2c0 JavaThread "main" [_thread_in_Java, id=2052, stack(0x0000005df4400000,0x0000005df4500000)]
  0x0000016165c8c570 JavaThread "Reference Handler" daemon [_thread_blocked, id=6752, stack(0x0000005df4b00000,0x0000005df4c00000)]
  0x0000016165c8dfe0 JavaThread "Finalizer" daemon [_thread_blocked, id=13280, stack(0x0000005df4c00000,0x0000005df4d00000)]
  0x0000016165ca5c30 JavaThread "Signal Dispatcher" daemon [_thread_blocked, id=15036, stack(0x0000005df4d00000,0x0000005df4e00000)]
  0x0000016165ca65f0 JavaThread "Attach Listener" daemon [_thread_blocked, id=10720, stack(0x0000005df4e00000,0x0000005df4f00000)]
  0x0000016165cac260 JavaThread "Service Thread" daemon [_thread_blocked, id=3916, stack(0x0000005df4f00000,0x0000005df5000000)]
=>0x0000016165cb32f0 JavaThread "C2 CompilerThread0" daemon [_thread_in_native, id=16200, stack(0x0000005df5000000,0x0000005df5100000)]
  0x0000016165cb5b10 JavaThread "C1 CompilerThread0" daemon [_thread_blocked, id=12048, stack(0x0000005df5100000,0x0000005df5200000)]
  0x0000016165cbdfc0 JavaThread "Sweeper thread" daemon [_thread_blocked, id=11868, stack(0x0000005df5200000,0x0000005df5300000)]
  0x0000016165c6e640 JavaThread "Common-Cleaner" daemon [_thread_blocked, id=16816, stack(0x0000005df5300000,0x0000005df5400000)]
  0x0000016167c7abb0 JavaThread "Monitor Ctrl-Break" daemon [_thread_in_native, id=4456, stack(0x0000005df5400000,0x0000005df5500000)]
  0x0000016167cae340 JavaThread "Notification Thread" daemon [_thread_blocked, id=13168, stack(0x0000005df5500000,0x0000005df5600000)]
  0x000001616a53db10 JavaThread "mysql-cj-abandoned-connection-cleanup" daemon [_thread_blocked, id=13632, stack(0x0000005df5d00000,0x0000005df5e00000)]
  0x000001616a529400 JavaThread "HikariPool-1 housekeeper" daemon [_thread_blocked, id=3904, stack(0x0000005df5f00000,0x0000005df6000000)]
  0x000001616adad890 JavaThread "Catalina-utility-1" [_thread_blocked, id=17496, stack(0x0000005df6000000,0x0000005df6100000)]
  0x000001616a3e0fa0 JavaThread "Catalina-utility-2" [_thread_blocked, id=17500, stack(0x0000005df6100000,0x0000005df6200000)]
  0x0000016168a9a050 JavaThread "container-0" [_thread_blocked, id=17504, stack(0x0000005df6200000,0x0000005df6300000)]

Other Threads:
  0x0000016165c85cd0 VMThread "VM Thread" [stack: 0x0000005df4a00000,0x0000005df4b00000] [id=14148]
  0x0000016167cae810 WatcherThread [stack: 0x0000005df5600000,0x0000005df5700000] [id=4956]
  0x000001614748a950 GCTaskThread "GC Thread#0" [stack: 0x0000005df4500000,0x0000005df4600000] [id=11544]
  0x0000016167f9afd0 GCTaskThread "GC Thread#1" [stack: 0x0000005df5800000,0x0000005df5900000] [id=7680]
  0x0000016167f9a640 GCTaskThread "GC Thread#2" [stack: 0x0000005df5900000,0x0000005df5a00000] [id=13428]
  0x0000016167f99fe0 GCTaskThread "GC Thread#3" [stack: 0x0000005df5a00000,0x0000005df5b00000] [id=5720]
  0x0000016168ce4a70 GCTaskThread "GC Thread#4" [stack: 0x0000005df6300000,0x0000005df6400000] [id=17520]
  0x0000016168ce5400 GCTaskThread "GC Thread#5" [stack: 0x0000005df6400000,0x0000005df6500000] [id=17524]
  0x0000016168ce4740 GCTaskThread "GC Thread#6" [stack: 0x0000005df6500000,0x0000005df6600000] [id=17528]
  0x0000016168ce30f0 GCTaskThread "GC Thread#7" [stack: 0x0000005df6600000,0x0000005df6700000] [id=17532]
  0x000001614749bf80 ConcurrentGCThread "G1 Main Marker" [stack: 0x0000005df4600000,0x0000005df4700000] [id=2252]
  0x000001614749da90 ConcurrentGCThread "G1 Conc#0" [stack: 0x0000005df4700000,0x0000005df4800000] [id=11076]
  0x0000016167f99cb0 ConcurrentGCThread "G1 Conc#1" [stack: 0x0000005df5700000,0x0000005df5800000] [id=17280]
  0x0000016165ae80e0 ConcurrentGCThread "G1 Refine#0" [stack: 0x0000005df4800000,0x0000005df4900000] [id=12040]
  0x000001616881f930 ConcurrentGCThread "G1 Refine#1" [stack: 0x0000005df5b00000,0x0000005df5c00000] [id=15712]
  0x000001616855df60 ConcurrentGCThread "G1 Refine#2" [stack: 0x0000005df5c00000,0x0000005df5d00000] [id=17220]
  0x0000016165ae9920 ConcurrentGCThread "G1 Young RemSet Sampling" [stack: 0x0000005df4900000,0x0000005df4a00000] [id=1352]

Threads with active compile tasks:
C2 CompilerThread0    25782 6111   !   4       org.springframework.core.annotation.AnnotatedElementUtils::searchWithFindSemantics (774 bytes)

VM state: not at safepoint (normal execution)

VM Mutex/Monitor currently owned by a thread: None

Heap address: 0x0000000085e00000, size: 1954 MB, Compressed Oops mode: 32-bit
CDS archive(s) mapped at: [0x0000000800000000-0x0000000800b50000-0x0000000800b50000), size 11862016, SharedBaseAddress: 0x0000000800000000, ArchiveRelocationMode: 0.
Compressed class space mapped at: 0x0000000800b50000-0x0000000840b50000, size: 1073741824
Narrow klass base: 0x0000000800000000, Narrow klass shift: 3, Narrow klass range: 0x100000000

GC Precious Log:
 CPUs: 8 total, 8 available
 Memory: 7811M
 Large Page Support: Disabled
 NUMA Support: Disabled
 Compressed Oops: Enabled (32-bit)
 Heap Region Size: 1M
 Heap Min Capacity: 8M
 Heap Initial Capacity: 124M
 Heap Max Capacity: 1954M
 Pre-touch: Disabled
 Parallel Workers: 8
 Concurrent Workers: 2
 Concurrent Refinement Workers: 8
 Periodic GC: Disabled

Heap:
 garbage-first heap   total 65536K, used 43051K [0x0000000085e00000, 0x0000000100000000)
  region size 1024K, 13 young (13312K), 3 survivors (3072K)
 Metaspace       used 61613K, capacity 62208K, committed 62364K, reserved 1103872K
  class space    used 7938K, capacity 8132K, committed 8172K, reserved 1048576K

Heap Regions: E=young(eden), S=young(survivor), O=old, HS=humongous(starts), HC=humongous(continues), CS=collection set, F=free, OA=open archive, CA=closed archive, TAMS=top-at-mark-start (previous, next)
|   0|0x0000000085e00000, 0x0000000085f00000, 0x0000000085f00000|100%|HS|  |TAMS 0x0000000085f00000, 0x0000000085e00000| Complete 
|   1|0x0000000085f00000, 0x0000000086000000, 0x0000000086000000|100%| O|  |TAMS 0x0000000086000000, 0x0000000085f00000| Untracked 
|   2|0x0000000086000000, 0x0000000086100000, 0x0000000086100000|100%| O|  |TAMS 0x0000000086100000, 0x0000000086000000| Untracked 
|   3|0x0000000086100000, 0x0000000086200000, 0x0000000086200000|100%| O|  |TAMS 0x0000000086200000, 0x0000000086100000| Untracked 
|   4|0x0000000086200000, 0x0000000086300000, 0x0000000086300000|100%| O|  |TAMS 0x0000000086300000, 0x0000000086200000| Untracked 
|   5|0x0000000086300000, 0x0000000086400000, 0x0000000086400000|100%| O|  |TAMS 0x0000000086400000, 0x0000000086300000| Untracked 
|   6|0x0000000086400000, 0x0000000086500000, 0x0000000086500000|100%| O|  |TAMS 0x0000000086500000, 0x0000000086400000| Untracked 
|   7|0x0000000086500000, 0x0000000086517e00, 0x0000000086600000|  9%| O|  |TAMS 0x0000000086517e00, 0x0000000086500000| Untracked 
|   8|0x0000000086600000, 0x0000000086700000, 0x0000000086700000|100%| O|  |TAMS 0x0000000086700000, 0x0000000086600000| Untracked 
|   9|0x0000000086700000, 0x0000000086800000, 0x0000000086800000|100%| O|  |TAMS 0x0000000086800000, 0x0000000086700000| Untracked 
|  10|0x0000000086800000, 0x0000000086900000, 0x0000000086900000|100%| O|  |TAMS 0x0000000086900000, 0x0000000086800000| Untracked 
|  11|0x0000000086900000, 0x0000000086a00000, 0x0000000086a00000|100%| O|  |TAMS 0x0000000086a00000, 0x0000000086900000| Untracked 
|  12|0x0000000086a00000, 0x0000000086b00000, 0x0000000086b00000|100%| O|  |TAMS 0x0000000086b00000, 0x0000000086a00000| Untracked 
|  13|0x0000000086b00000, 0x0000000086c00000, 0x0000000086c00000|100%| O|  |TAMS 0x0000000086c00000, 0x0000000086b00000| Untracked 
|  14|0x0000000086c00000, 0x0000000086d00000, 0x0000000086d00000|100%| O|  |TAMS 0x0000000086d00000, 0x0000000086c00000| Untracked 
|  15|0x0000000086d00000, 0x0000000086e00000, 0x0000000086e00000|100%| O|  |TAMS 0x0000000086e00000, 0x0000000086d00000| Untracked 
|  16|0x0000000086e00000, 0x0000000086f00000, 0x0000000086f00000|100%| O|  |TAMS 0x0000000086f00000, 0x0000000086e00000| Untracked 
|  17|0x0000000086f00000, 0x0000000087000000, 0x0000000087000000|100%| O|  |TAMS 0x0000000087000000, 0x0000000086f00000| Untracked 
|  18|0x0000000087000000, 0x0000000087100000, 0x0000000087100000|100%| O|  |TAMS 0x0000000087100000, 0x0000000087000000| Untracked 
|  19|0x0000000087100000, 0x0000000087200000, 0x0000000087200000|100%| O|  |TAMS 0x0000000087200000, 0x0000000087100000| Untracked 
|  20|0x0000000087200000, 0x0000000087300000, 0x0000000087300000|100%| O|  |TAMS 0x0000000087300000, 0x0000000087200000| Untracked 
|  21|0x0000000087300000, 0x0000000087400000, 0x0000000087400000|100%| O|  |TAMS 0x0000000087400000, 0x0000000087300000| Untracked 
|  22|0x0000000087400000, 0x0000000087500000, 0x0000000087500000|100%| O|  |TAMS 0x0000000087500000, 0x0000000087400000| Untracked 
|  23|0x0000000087500000, 0x0000000087600000, 0x0000000087600000|100%| O|  |TAMS 0x0000000087600000, 0x0000000087500000| Untracked 
|  24|0x0000000087600000, 0x0000000087700000, 0x0000000087700000|100%| O|  |TAMS 0x0000000087700000, 0x0000000087600000| Untracked 
|  25|0x0000000087700000, 0x0000000087800000, 0x0000000087800000|100%| O|  |TAMS 0x0000000087800000, 0x0000000087700000| Untracked 
|  26|0x0000000087800000, 0x0000000087900000, 0x0000000087900000|100%| O|  |TAMS 0x0000000087900000, 0x0000000087800000| Untracked 
|  27|0x0000000087900000, 0x0000000087a00000, 0x0000000087a00000|100%| O|  |TAMS 0x0000000087a00000, 0x0000000087900000| Untracked 
|  28|0x0000000087a00000, 0x0000000087b00000, 0x0000000087b00000|100%| O|  |TAMS 0x0000000087b00000, 0x0000000087a00000| Untracked 
|  29|0x0000000087b00000, 0x0000000087c00000, 0x0000000087c00000|100%| O|  |TAMS 0x0000000087c00000, 0x0000000087b00000| Untracked 
|  30|0x0000000087c00000, 0x0000000087d00000, 0x0000000087d00000|100%| O|  |TAMS 0x0000000087c65000, 0x0000000087c00000| Untracked 
|  31|0x0000000087d00000, 0x0000000087da5400, 0x0000000087e00000| 64%| O|  |TAMS 0x0000000087d00000, 0x0000000087d00000| Untracked 
|  32|0x0000000087e00000, 0x0000000087e00000, 0x0000000087f00000|  0%| F|  |TAMS 0x0000000087e00000, 0x0000000087e00000| Untracked 
|  33|0x0000000087f00000, 0x0000000087f00000, 0x0000000088000000|  0%| F|  |TAMS 0x0000000087f00000, 0x0000000087f00000| Untracked 
|  34|0x0000000088000000, 0x0000000088000000, 0x0000000088100000|  0%| F|  |TAMS 0x0000000088000000, 0x0000000088000000| Untracked 
|  35|0x0000000088100000, 0x0000000088100000, 0x0000000088200000|  0%| F|  |TAMS 0x0000000088100000, 0x0000000088100000| Untracked 
|  36|0x0000000088200000, 0x0000000088200000, 0x0000000088300000|  0%| F|  |TAMS 0x0000000088200000, 0x0000000088200000| Untracked 
|  37|0x0000000088300000, 0x0000000088300000, 0x0000000088400000|  0%| F|  |TAMS 0x0000000088300000, 0x0000000088300000| Untracked 
|  38|0x0000000088400000, 0x0000000088400000, 0x0000000088500000|  0%| F|  |TAMS 0x0000000088400000, 0x0000000088400000| Untracked 
|  39|0x0000000088500000, 0x000000008854dc78, 0x0000000088600000| 30%| S|CS|TAMS 0x0000000088500000, 0x0000000088500000| Complete 
|  40|0x0000000088600000, 0x0000000088700000, 0x0000000088700000|100%| S|CS|TAMS 0x0000000088600000, 0x0000000088600000| Complete 
|  41|0x0000000088700000, 0x0000000088800000, 0x0000000088800000|100%| S|CS|TAMS 0x0000000088700000, 0x0000000088700000| Complete 
|  42|0x0000000088800000, 0x0000000088800000, 0x0000000088900000|  0%| F|  |TAMS 0x0000000088800000, 0x0000000088800000| Untracked 
|  43|0x0000000088900000, 0x0000000088900000, 0x0000000088a00000|  0%| F|  |TAMS 0x0000000088900000, 0x0000000088900000| Untracked 
|  44|0x0000000088a00000, 0x0000000088a00000, 0x0000000088b00000|  0%| F|  |TAMS 0x0000000088a00000, 0x0000000088a00000| Untracked 
|  45|0x0000000088b00000, 0x0000000088b00000, 0x0000000088c00000|  0%| F|  |TAMS 0x0000000088b00000, 0x0000000088b00000| Untracked 
|  46|0x0000000088c00000, 0x0000000088c00000, 0x0000000088d00000|  0%| F|  |TAMS 0x0000000088c00000, 0x0000000088c00000| Untracked 
|  47|0x0000000088d00000, 0x0000000088d00000, 0x0000000088e00000|  0%| F|  |TAMS 0x0000000088d00000, 0x0000000088d00000| Untracked 
|  48|0x0000000088e00000, 0x0000000088e00000, 0x0000000088f00000|  0%| F|  |TAMS 0x0000000088e00000, 0x0000000088e00000| Untracked 
|  49|0x0000000088f00000, 0x0000000088f00000, 0x0000000089000000|  0%| F|  |TAMS 0x0000000088f00000, 0x0000000088f00000| Untracked 
|  50|0x0000000089000000, 0x0000000089000000, 0x0000000089100000|  0%| F|  |TAMS 0x0000000089000000, 0x0000000089000000| Untracked 
|  51|0x0000000089100000, 0x0000000089100000, 0x0000000089200000|  0%| F|  |TAMS 0x0000000089100000, 0x0000000089100000| Untracked 
|  52|0x0000000089200000, 0x0000000089200000, 0x0000000089300000|  0%| F|  |TAMS 0x0000000089200000, 0x0000000089200000| Untracked 
|  53|0x0000000089300000, 0x0000000089300000, 0x0000000089400000|  0%| F|  |TAMS 0x0000000089300000, 0x0000000089300000| Untracked 
|  54|0x0000000089400000, 0x0000000089459f80, 0x0000000089500000| 35%| E|  |TAMS 0x0000000089400000, 0x0000000089400000| Complete 
|  55|0x0000000089500000, 0x0000000089600000, 0x0000000089600000|100%| E|CS|TAMS 0x0000000089500000, 0x0000000089500000| Complete 
|  56|0x0000000089600000, 0x0000000089700000, 0x0000000089700000|100%| E|CS|TAMS 0x0000000089600000, 0x0000000089600000| Complete 
|  57|0x0000000089700000, 0x0000000089800000, 0x0000000089800000|100%| E|CS|TAMS 0x0000000089700000, 0x0000000089700000| Complete 
|  80|0x000000008ae00000, 0x000000008af00000, 0x000000008af00000|100%| E|CS|TAMS 0x000000008ae00000, 0x000000008ae00000| Complete 
|  81|0x000000008af00000, 0x000000008b000000, 0x000000008b000000|100%| E|CS|TAMS 0x000000008af00000, 0x000000008af00000| Complete 
|  82|0x000000008b000000, 0x000000008b100000, 0x000000008b100000|100%| E|CS|TAMS 0x000000008b000000, 0x000000008b000000| Complete 
|  83|0x000000008b100000, 0x000000008b200000, 0x000000008b200000|100%| E|CS|TAMS 0x000000008b100000, 0x000000008b100000| Complete 
|  84|0x000000008b200000, 0x000000008b300000, 0x000000008b300000|100%| E|CS|TAMS 0x000000008b200000, 0x000000008b200000| Complete 
| 123|0x000000008d900000, 0x000000008da00000, 0x000000008da00000|100%| E|CS|TAMS 0x000000008d900000, 0x000000008d900000| Complete 

Card table byte_map: [0x000001615ed60000,0x000001615f140000] _byte_map_base: 0x000001615e931000

Marking Bits (Prev, Next): (CMBitMap*) 0x000001614748c120, (CMBitMap*) 0x000001614748c0e0
 Prev Bits: [0x00000161613b0000, 0x0000016163238000)
 Next Bits: [0x000001615f520000, 0x00000161613a8000)

Polling page: 0x0000016145460000

Metaspace:

Usage:
  Non-class:     52.81 MB capacity,    52.43 MB (>99%) used,   302.98 KB ( <1%) free+waste,    79.75 KB ( <1%) overhead. 
      Class:      7.94 MB capacity,     7.75 MB ( 98%) used,   161.32 KB (  2%) free+waste,    30.19 KB ( <1%) overhead. 
       Both:     60.75 MB capacity,    60.19 MB (>99%) used,   464.30 KB ( <1%) free+waste,   109.94 KB ( <1%) overhead. 

Virtual space:
  Non-class space:       54.00 MB reserved,      52.92 MB ( 98%) committed 
      Class space:        1.00 GB reserved,       7.98 MB ( <1%) committed 
             Both:        1.05 GB reserved,      60.90 MB (  6%) committed 

Chunk freelists:
   Non-Class:  52.00 KB
       Class:  28.00 KB
        Both:  80.00 KB

MaxMetaspaceSize: 17179869184.00 GB
CompressedClassSpaceSize: 1.00 GB

CodeHeap 'non-profiled nmethods': size=120000Kb used=2664Kb max_used=2874Kb free=117335Kb
 bounds [0x0000016157120000, 0x0000016157400000, 0x000001615e650000]
CodeHeap 'profiled nmethods': size=120000Kb used=9921Kb max_used=11034Kb free=110079Kb
 bounds [0x000001614fbf0000, 0x00000161506c0000, 0x0000016157120000]
CodeHeap 'non-nmethods': size=5760Kb used=1314Kb max_used=1386Kb free=4445Kb
 bounds [0x000001614f650000, 0x000001614f8c0000, 0x000001614fbf0000]
 total_blobs=5779 nmethods=5169 adapters=520
 compilation: enabled
              stopped_count=0, restarted_count=0
 full_count=0

Compilation events (20 events):
Event: 25.651 Thread 0x0000016165cb5b10 6128       2       org.springframework.beans.factory.support.DefaultSingletonBeanRegistry::beforeSingletonCreation (36 bytes)
Event: 25.652 Thread 0x0000016165cb5b10 nmethod 6128 0x0000016150041a90 code [0x0000016150041c60, 0x0000016150041ea8]
Event: 25.652 Thread 0x0000016165cb5b10 6129       2       java.lang.reflect.Field::checkAccess (32 bytes)
Event: 25.652 Thread 0x0000016165cb5b10 nmethod 6129 0x000001615004e490 code [0x000001615004e640, 0x000001615004e7a8]
Event: 25.655 Thread 0x0000016165cb5b10 6130   !   2       org.springframework.beans.factory.support.AbstractAutowireCapableBeanFactory::applyPropertyValues (459 bytes)
Event: 25.659 Thread 0x0000016165cb5b10 nmethod 6130 0x00000161501a7310 code [0x00000161501a7720, 0x00000161501a9558]
Event: 25.664 Thread 0x0000016165cb5b10 6132       2       java.util.ImmutableCollections$AbstractImmutableList::<init> (5 bytes)
Event: 25.665 Thread 0x0000016165cb5b10 nmethod 6132 0x000001614fd5d210 code [0x000001614fd5d3a0, 0x000001614fd5d498]
Event: 25.678 Thread 0x0000016165cb5b10 6133   !   2       com.sun.proxy.$Proxy56::annotationType (29 bytes)
Event: 25.678 Thread 0x0000016165cb5b10 nmethod 6133 0x0000016150041510 code [0x00000161500416c0, 0x0000016150041938]
Event: 25.681 Thread 0x0000016165cb5b10 6134       2       java.util.IdentityHashMap::init (11 bytes)
Event: 25.681 Thread 0x0000016165cb5b10 nmethod 6134 0x000001614fdc5a10 code [0x000001614fdc5ba0, 0x000001614fdc5d98]
Event: 25.685 Thread 0x0000016165cb5b10 6135   !   2       com.sun.proxy.$Proxy58::hashCode (32 bytes)
Event: 25.686 Thread 0x0000016165cb5b10 nmethod 6135 0x0000016150040f10 code [0x00000161500410c0, 0x0000016150041358]
Event: 25.687 Thread 0x0000016165cb5b10 6136       2       org.springframework.web.method.ControllerAdviceBean$$Lambda$848/0x00000008013304b8::test (12 bytes)
Event: 25.687 Thread 0x0000016165cb5b10 nmethod 6136 0x000001615019b210 code [0x000001615019b3e0, 0x000001615019b648]
Event: 25.687 Thread 0x0000016165cb5b10 6137       2       org.springframework.web.method.ControllerAdviceBean::lambda$findAnnotatedBeans$0 (18 bytes)
Event: 25.688 Thread 0x0000016165cb5b10 nmethod 6137 0x000001615019ac90 code [0x000001615019ae60, 0x000001615019b068]
Event: 25.713 Thread 0x0000016165cb5b10 6138       1       org.springframework.util.MimeType::getType (5 bytes)
Event: 25.713 Thread 0x0000016165cb5b10 nmethod 6138 0x000001615712e110 code [0x000001615712e2a0, 0x000001615712e358]

GC Heap History (20 events):
Event: 14.113 GC heap before
{Heap before GC invocations=9 (full 0):
 garbage-first heap   total 54272K, used 37585K [0x0000000085e00000, 0x0000000100000000)
  region size 1024K, 20 young (20480K), 4 survivors (4096K)
 Metaspace       used 32394K, capacity 32827K, committed 32944K, reserved 1079296K
  class space    used 3942K, capacity 4078K, committed 4096K, reserved 1048576K
}
Event: 14.123 GC heap after
{Heap after GC invocations=10 (full 0):
 garbage-first heap   total 65536K, used 22359K [0x0000000085e00000, 0x0000000100000000)
  region size 1024K, 1 young (1024K), 1 survivors (1024K)
 Metaspace       used 32394K, capacity 32827K, committed 32944K, reserved 1079296K
  class space    used 3942K, capacity 4078K, committed 4096K, reserved 1048576K
}
Event: 14.800 GC heap before
{Heap before GC invocations=10 (full 0):
 garbage-first heap   total 65536K, used 46935K [0x0000000085e00000, 0x0000000100000000)
  region size 1024K, 26 young (26624K), 1 survivors (1024K)
 Metaspace       used 33400K, capacity 33802K, committed 33840K, reserved 1079296K
  class space    used 4057K, capacity 4210K, committed 4224K, reserved 1048576K
}
Event: 14.808 GC heap after
{Heap after GC invocations=11 (full 0):
 garbage-first heap   total 65536K, used 23423K [0x0000000085e00000, 0x0000000100000000)
  region size 1024K, 2 young (2048K), 2 survivors (2048K)
 Metaspace       used 33400K, capacity 33802K, committed 33840K, reserved 1079296K
  class space    used 4057K, capacity 4210K, committed 4224K, reserved 1048576K
}
Event: 15.378 GC heap before
{Heap before GC invocations=11 (full 0):
 garbage-first heap   total 65536K, used 30591K [0x0000000085e00000, 0x0000000100000000)
  region size 1024K, 11 young (11264K), 2 survivors (2048K)
 Metaspace       used 35379K, capacity 35754K, committed 35888K, reserved 1081344K
  class space    used 4238K, capacity 4370K, committed 4480K, reserved 1048576K
}
Event: 15.388 GC heap after
{Heap after GC invocations=12 (full 0):
 garbage-first heap   total 65536K, used 24050K [0x0000000085e00000, 0x0000000100000000)
  region size 1024K, 2 young (2048K), 2 survivors (2048K)
 Metaspace       used 35379K, capacity 35754K, committed 35888K, reserved 1081344K
  class space    used 4238K, capacity 4370K, committed 4480K, reserved 1048576K
}
Event: 17.754 GC heap before
{Heap before GC invocations=13 (full 0):
 garbage-first heap   total 65536K, used 48626K [0x0000000085e00000, 0x0000000100000000)
  region size 1024K, 27 young (27648K), 2 survivors (2048K)
 Metaspace       used 42049K, capacity 42521K, committed 42800K, reserved 1087488K
  class space    used 5295K, capacity 5429K, committed 5504K, reserved 1048576K
}
Event: 17.765 GC heap after
{Heap after GC invocations=14 (full 0):
 garbage-first heap   total 65536K, used 25986K [0x0000000085e00000, 0x0000000100000000)
  region size 1024K, 4 young (4096K), 4 survivors (4096K)
 Metaspace       used 42049K, capacity 42521K, committed 42800K, reserved 1087488K
  class space    used 5295K, capacity 5429K, committed 5504K, reserved 1048576K
}
Event: 20.829 GC heap before
{Heap before GC invocations=14 (full 0):
 garbage-first heap   total 65536K, used 49538K [0x0000000085e00000, 0x0000000100000000)
  region size 1024K, 28 young (28672K), 4 survivors (4096K)
 Metaspace       used 48379K, capacity 48869K, committed 49072K, reserved 1091584K
  class space    used 6211K, capacity 6327K, committed 6400K, reserved 1048576K
}
Event: 20.841 GC heap after
{Heap after GC invocations=15 (full 0):
 garbage-first heap   total 65536K, used 27662K [0x0000000085e00000, 0x0000000100000000)
  region size 1024K, 4 young (4096K), 4 survivors (4096K)
 Metaspace       used 48379K, capacity 48869K, committed 49072K, reserved 1091584K
  class space    used 6211K, capacity 6327K, committed 6400K, reserved 1048576K
}
Event: 22.218 GC heap before
{Heap before GC invocations=15 (full 0):
 garbage-first heap   total 65536K, used 50190K [0x0000000085e00000, 0x0000000100000000)
  region size 1024K, 26 young (26624K), 4 survivors (4096K)
 Metaspace       used 52832K, capacity 53345K, committed 53552K, reserved 1095680K
  class space    used 6814K, capacity 6981K, committed 7040K, reserved 1048576K
}
Event: 22.231 GC heap after
{Heap after GC invocations=16 (full 0):
 garbage-first heap   total 65536K, used 28473K [0x0000000085e00000, 0x0000000100000000)
  region size 1024K, 3 young (3072K), 3 survivors (3072K)
 Metaspace       used 52832K, capacity 53345K, committed 53552K, reserved 1095680K
  class space    used 6814K, capacity 6981K, committed 7040K, reserved 1048576K
}
Event: 23.522 GC heap before
{Heap before GC invocations=16 (full 0):
 garbage-first heap   total 65536K, used 51001K [0x0000000085e00000, 0x0000000100000000)
  region size 1024K, 25 young (25600K), 3 survivors (3072K)
 Metaspace       used 56895K, capacity 57387K, committed 57648K, reserved 1099776K
  class space    used 7320K, capacity 7472K, committed 7552K, reserved 1048576K
}
Event: 23.528 GC heap after
{Heap after GC invocations=17 (full 0):
 garbage-first heap   total 65536K, used 30306K [0x0000000085e00000, 0x0000000100000000)
  region size 1024K, 3 young (3072K), 3 survivors (3072K)
 Metaspace       used 56895K, capacity 57387K, committed 57648K, reserved 1099776K
  class space    used 7320K, capacity 7472K, committed 7552K, reserved 1048576K
}
Event: 25.049 GC heap before
{Heap before GC invocations=17 (full 0):
 garbage-first heap   total 65536K, used 51810K [0x0000000085e00000, 0x0000000100000000)
  region size 1024K, 24 young (24576K), 3 survivors (3072K)
 Metaspace       used 58698K, capacity 59204K, committed 59312K, reserved 1101824K
  class space    used 7523K, capacity 7668K, committed 7680K, reserved 1048576K
}
Event: 25.053 GC heap after
{Heap after GC invocations=18 (full 0):
 garbage-first heap   total 65536K, used 31767K [0x0000000085e00000, 0x0000000100000000)
  region size 1024K, 2 young (2048K), 2 survivors (2048K)
 Metaspace       used 58698K, capacity 59204K, committed 59312K, reserved 1101824K
  class space    used 7523K, capacity 7668K, committed 7680K, reserved 1048576K
}
Event: 25.216 GC heap before
{Heap before GC invocations=18 (full 0):
 garbage-first heap   total 65536K, used 42007K [0x0000000085e00000, 0x0000000100000000)
  region size 1024K, 13 young (13312K), 2 survivors (2048K)
 Metaspace       used 59704K, capacity 60167K, committed 60208K, reserved 1101824K
  class space    used 7666K, capacity 7797K, committed 7808K, reserved 1048576K
}
Event: 25.219 GC heap after
{Heap after GC invocations=19 (full 0):
 garbage-first heap   total 65536K, used 32234K [0x0000000085e00000, 0x0000000100000000)
  region size 1024K, 2 young (2048K), 2 survivors (2048K)
 Metaspace       used 59704K, capacity 60167K, committed 60208K, reserved 1101824K
  class space    used 7666K, capacity 7797K, committed 7808K, reserved 1048576K
}
Event: 25.600 GC heap before
{Heap before GC invocations=20 (full 0):
 garbage-first heap   total 65536K, used 52714K [0x0000000085e00000, 0x0000000100000000)
  region size 1024K, 22 young (22528K), 2 survivors (2048K)
 Metaspace       used 60899K, capacity 61463K, committed 61852K, reserved 1103872K
  class space    used 7846K, capacity 8034K, committed 8172K, reserved 1048576K
}
Event: 25.604 GC heap after
{Heap after GC invocations=21 (full 0):
 garbage-first heap   total 65536K, used 33835K [0x0000000085e00000, 0x0000000100000000)
  region size 1024K, 3 young (3072K), 3 survivors (3072K)
 Metaspace       used 60899K, capacity 61463K, committed 61852K, reserved 1103872K
  class space    used 7846K, capacity 8034K, committed 8172K, reserved 1048576K
}

Deoptimization events (20 events):
Event: 25.368 Thread 0x000001614744d2c0 Uncommon trap: trap_request=0xffffff45 fr.pc=0x000001615718be68 relative=0x00000000000010a8
Event: 25.368 Thread 0x000001614744d2c0 Uncommon trap: reason=unstable_if action=reinterpret pc=0x000001615718be68 method=java.util.concurrent.ConcurrentHashMap.transfer([Ljava/util/concurrent/ConcurrentHashMap$Node;[Ljava/util/concurrent/ConcurrentHashMap$Node;)V @ 352 c2
Event: 25.368 Thread 0x000001614744d2c0 DEOPT PACKING pc=0x000001615718be68 sp=0x0000005df44fbaf0
Event: 25.368 Thread 0x000001614744d2c0 DEOPT UNPACKING pc=0x000001614f69e42f sp=0x0000005df44fba58 mode 2
Event: 25.393 Thread 0x000001614744d2c0 DEOPT PACKING pc=0x000001614fc1a73c sp=0x0000005df44fa180
Event: 25.393 Thread 0x000001614744d2c0 DEOPT UNPACKING pc=0x000001614f69e23f sp=0x0000005df44f9670 mode 0
Event: 25.412 Thread 0x000001614744d2c0 DEOPT PACKING pc=0x000001614fd22378 sp=0x0000005df44fb9d0
Event: 25.412 Thread 0x000001614744d2c0 DEOPT UNPACKING pc=0x000001614f69e23f sp=0x0000005df44fae90 mode 0
Event: 25.475 Thread 0x000001614744d2c0 DEOPT PACKING pc=0x000001614fca2e1c sp=0x0000005df44fdfb0
Event: 25.475 Thread 0x000001614744d2c0 DEOPT UNPACKING pc=0x000001614f69e23f sp=0x0000005df44fd4c8 mode 0
Event: 25.511 Thread 0x000001614744d2c0 DEOPT PACKING pc=0x0000016150481c87 sp=0x0000005df44fd560
Event: 25.511 Thread 0x000001614744d2c0 DEOPT UNPACKING pc=0x000001614f69e23f sp=0x0000005df44fcb20 mode 0
Event: 25.560 Thread 0x000001614744d2c0 DEOPT PACKING pc=0x000001614fc1a73c sp=0x0000005df44f6d30
Event: 25.560 Thread 0x000001614744d2c0 DEOPT UNPACKING pc=0x000001614f69e23f sp=0x0000005df44f6220 mode 0
Event: 25.620 Thread 0x000001614744d2c0 DEOPT PACKING pc=0x000001614fd22378 sp=0x0000005df44fa800
Event: 25.620 Thread 0x000001614744d2c0 DEOPT UNPACKING pc=0x000001614f69e23f sp=0x0000005df44f9cc0 mode 0
Event: 25.688 Thread 0x000001614744d2c0 Uncommon trap: trap_request=0xffffff76 fr.pc=0x00000161573f3c3c relative=0x000000000000471c
Event: 25.688 Thread 0x000001614744d2c0 Uncommon trap: reason=predicate action=maybe_recompile pc=0x00000161573f3c3c method=org.springframework.util.ReflectionUtils.doWithMethods(Ljava/lang/Class;Lorg/springframework/util/ReflectionUtils$MethodCallback;Lorg/springframework/util/ReflectionUtils$
Event: 25.688 Thread 0x000001614744d2c0 DEOPT PACKING pc=0x00000161573f3c3c sp=0x0000005df44fe890
Event: 25.688 Thread 0x000001614744d2c0 DEOPT UNPACKING pc=0x000001614f69e42f sp=0x0000005df44fe8a8 mode 2

Classes unloaded (0 events):
No events

Classes redefined (0 events):
No events

Internal exceptions (20 events):
Event: 23.671 Thread 0x000001614744d2c0 Exception <a 'java/lang/ClassNotFoundException'{0x000000008b0af1b0}: org/springframework/beans/factory/AwareCustomizer> (0x000000008b0af1b0) 
thrown [./open/src/hotspot/share/classfile/systemDictionary.cpp, line 295]
Event: 24.593 Thread 0x000001614744d2c0 Exception <a 'java/lang/ClassNotFoundException'{0x0000000088f97368}: java/lang/ObjectCustomizer> (0x0000000088f97368) 
thrown [./open/src/hotspot/share/classfile/systemDictionary.cpp, line 295]
Event: 24.594 Thread 0x000001614744d2c0 Exception <a 'java/lang/ClassNotFoundException'{0x0000000088f9e788}: org/springframework/security/config/annotation/authentication/configuration/AuthenticationConfigurationCustomizer> (0x0000000088f9e788) 
thrown [./open/src/hotspot/share/classfile/systemDictionary.cpp, line 295]
Event: 24.594 Thread 0x000001614744d2c0 Exception <a 'java/lang/ClassNotFoundException'{0x0000000088fae0e8}: org/springframework/security/config/annotation/authentication/configuration/AuthenticationConfiguration$$EnhancerBySpringCGLIB$$123003b5Customizer> (0x0000000088fae0e8) 
thrown [./open/src/hotspot/share/classfile/systemDictionary.cpp, line 295]
Event: 24.595 Thread 0x000001614744d2c0 Exception <a 'java/lang/ClassNotFoundException'{0x0000000088fbdc78}: org/springframework/context/annotation/ConfigurationClassEnhancer$EnhancedConfigurationCustomizer> (0x0000000088fbdc78) 
thrown [./open/src/hotspot/share/classfile/systemDictionary.cpp, line 295]
Event: 24.595 Thread 0x000001614744d2c0 Exception <a 'java/lang/ClassNotFoundException'{0x0000000088fc13f8}: org/springframework/beans/factory/BeanFactoryAwareCustomizer> (0x0000000088fc13f8) 
thrown [./open/src/hotspot/share/classfile/systemDictionary.cpp, line 295]
Event: 24.595 Thread 0x000001614744d2c0 Exception <a 'java/lang/ClassNotFoundException'{0x0000000088fc5f40}: org/springframework/beans/factory/AwareCustomizer> (0x0000000088fc5f40) 
thrown [./open/src/hotspot/share/classfile/systemDictionary.cpp, line 295]
Event: 25.072 Thread 0x000001614744d2c0 Implicit null exception at 0x00000161572b80d7 to 0x00000161572b81a4
Event: 25.073 Thread 0x000001614744d2c0 Exception <a 'java/lang/ClassNotFoundException'{0x000000008b2eaf70}: java/lang/ObjectCustomizer> (0x000000008b2eaf70) 
thrown [./open/src/hotspot/share/classfile/systemDictionary.cpp, line 295]
Event: 25.073 Thread 0x000001614744d2c0 Exception <a 'java/lang/ClassNotFoundException'{0x000000008b2f1938}: org/springframework/security/config/annotation/web/configuration/WebSecurityConfigurationCustomizer> (0x000000008b2f1938) 
thrown [./open/src/hotspot/share/classfile/systemDictionary.cpp, line 295]
Event: 25.074 Thread 0x000001614744d2c0 Exception <a 'java/lang/ClassNotFoundException'{0x000000008b2fd9d8}: org/springframework/security/config/annotation/web/configuration/WebSecurityConfiguration$$EnhancerBySpringCGLIB$$d4ea5df9Customizer> (0x000000008b2fd9d8) 
thrown [./open/src/hotspot/share/classfile/systemDictionary.cpp, line 295]
Event: 25.074 Thread 0x000001614744d2c0 Exception <a 'java/lang/ClassNotFoundException'{0x000000008b10b528}: org/springframework/context/annotation/ConfigurationClassEnhancer$EnhancedConfigurationCustomizer> (0x000000008b10b528) 
thrown [./open/src/hotspot/share/classfile/systemDictionary.cpp, line 295]
Event: 25.075 Thread 0x000001614744d2c0 Exception <a 'java/lang/ClassNotFoundException'{0x000000008b10e4b0}: org/springframework/beans/factory/BeanFactoryAwareCustomizer> (0x000000008b10e4b0) 
thrown [./open/src/hotspot/share/classfile/systemDictionary.cpp, line 295]
Event: 25.075 Thread 0x000001614744d2c0 Exception <a 'java/lang/ClassNotFoundException'{0x000000008b112800}: org/springframework/beans/factory/AwareCustomizer> (0x000000008b112800) 
thrown [./open/src/hotspot/share/classfile/systemDictionary.cpp, line 295]
Event: 25.075 Thread 0x000001614744d2c0 Exception <a 'java/lang/ClassNotFoundException'{0x000000008b1156e0}: org/springframework/context/annotation/ImportAwareCustomizer> (0x000000008b1156e0) 
thrown [./open/src/hotspot/share/classfile/systemDictionary.cpp, line 295]
Event: 25.076 Thread 0x000001614744d2c0 Exception <a 'java/lang/ClassNotFoundException'{0x000000008b1192d0}: org/springframework/beans/factory/AwareCustomizer> (0x000000008b1192d0) 
thrown [./open/src/hotspot/share/classfile/systemDictionary.cpp, line 295]
Event: 25.076 Thread 0x000001614744d2c0 Exception <a 'java/lang/ClassNotFoundException'{0x000000008b11c208}: org/springframework/beans/factory/BeanClassLoaderAwareCustomizer> (0x000000008b11c208) 
thrown [./open/src/hotspot/share/classfile/systemDictionary.cpp, line 295]
Event: 25.076 Thread 0x000001614744d2c0 Exception <a 'java/lang/ClassNotFoundException'{0x000000008b11fe08}: org/springframework/beans/factory/AwareCustomizer> (0x000000008b11fe08) 
thrown [./open/src/hotspot/share/classfile/systemDictionary.cpp, line 295]
Event: 25.458 Thread 0x000001614744d2c0 Exception <a 'java/lang/NoSuchMethodError'{0x0000000088fac0b8}: 'java.lang.Object java.lang.invoke.DirectMethodHandle$Holder.invokeInterface(java.lang.Object, java.lang.Object, java.lang.Object, java.lang.Object)'> (0x0000000088fac0b8) 
thrown [./open/src/hotspot/share/interpreter/linkResolver.cpp, line 782]
Event: 25.664 Thread 0x000001614744d2c0 Exception <a 'java/lang/NoSuchMethodError'{0x000000008af39a40}: 'void java.lang.invoke.DirectMethodHandle$Holder.invokeVirtual(java.lang.Object, java.lang.Object, int)'> (0x000000008af39a40) 
thrown [./open/src/hotspot/share/interpreter/linkResolver.cpp, line 782]

Events (20 events):
Event: 25.279 Executing VM operation: G1Concurrent
Event: 25.280 Executing VM operation: G1Concurrent done
Event: 25.504 loading class java/util/concurrent/Flow$Publisher
Event: 25.504 loading class java/util/concurrent/Flow$Publisher done
Event: 25.541 loading class java/util/EnumMap$EntrySet
Event: 25.542 loading class java/util/EnumMap$EntrySet done
Event: 25.542 loading class java/util/EnumMap$EntryIterator
Event: 25.542 loading class java/util/EnumMap$EnumMapIterator
Event: 25.542 loading class java/util/EnumMap$EnumMapIterator done
Event: 25.542 loading class java/util/EnumMap$EntryIterator done
Event: 25.578 loading class java/lang/reflect/MalformedParametersException
Event: 25.578 loading class java/lang/reflect/MalformedParametersException done
Event: 25.600 Executing VM operation: G1CollectForAllocation
Event: 25.604 Executing VM operation: G1CollectForAllocation done
Event: 25.604 Executing VM operation: HandshakeAllThreads
Event: 25.604 Executing VM operation: HandshakeAllThreads done
Event: 25.702 Executing VM operation: HandshakeAllThreads
Event: 25.702 Executing VM operation: HandshakeAllThreads done
Event: 25.721 Executing VM operation: HandshakeAllThreads
Event: 25.722 Executing VM operation: HandshakeAllThreads done


Dynamic libraries:
0x00007ff645930000 - 0x00007ff64593f000 	C:\Program Files\Java\jdk-15.0.2\bin\java.exe
0x00007ffe11810000 - 0x00007ffe119f1000 	C:\WINDOWS\SYSTEM32\ntdll.dll
0x00007ffe0f1d0000 - 0x00007ffe0f281000 	C:\WINDOWS\System32\KERNEL32.DLL
0x00007ffe0e240000 - 0x00007ffe0e4b3000 	C:\WINDOWS\System32\KERNELBASE.dll
0x00007ffe0e0e0000 - 0x00007ffe0e1d8000 	C:\WINDOWS\System32\ucrtbase.dll
0x00007ffdde1f0000 - 0x00007ffdde208000 	C:\Program Files\Java\jdk-15.0.2\bin\jli.dll
0x00007ffe10190000 - 0x00007ffe10231000 	C:\WINDOWS\System32\ADVAPI32.dll
0x00007ffe0f290000 - 0x00007ffe0f32e000 	C:\WINDOWS\System32\msvcrt.dll
0x00007ffe10240000 - 0x00007ffe1029b000 	C:\WINDOWS\System32\sechost.dll
0x00007ffe0f9a0000 - 0x00007ffe0fac2000 	C:\WINDOWS\System32\RPCRT4.dll
0x00007ffe0f490000 - 0x00007ffe0f620000 	C:\WINDOWS\System32\USER32.dll
0x00007ffe0de50000 - 0x00007ffe0de70000 	C:\WINDOWS\System32\win32u.dll
0x00007ffe102e0000 - 0x00007ffe10308000 	C:\WINDOWS\System32\GDI32.dll
0x00007ffe0dbc0000 - 0x00007ffe0dd54000 	C:\WINDOWS\System32\gdi32full.dll
0x00007ffe0dd60000 - 0x00007ffe0ddff000 	C:\WINDOWS\System32\msvcp_win.dll
0x00007ffddd8c0000 - 0x00007ffddd8d9000 	C:\Program Files\Java\jdk-15.0.2\bin\VCRUNTIME140.dll
0x00007ffdf9d70000 - 0x00007ffdf9fd9000 	C:\WINDOWS\WinSxS\amd64_microsoft.windows.common-controls_6595b64144ccf1df_6.0.17134.2208_none_d3fb8d057c943d4a\COMCTL32.dll
0x00007ffe0fe60000 - 0x00007ffe10182000 	C:\WINDOWS\System32\combase.dll
0x00007ffe0e060000 - 0x00007ffe0e0d9000 	C:\WINDOWS\System32\bcryptPrimitives.dll
0x00007ffe03e00000 - 0x00007ffe03e0a000 	C:\WINDOWS\SYSTEM32\VERSION.dll
0x00007ffe102a0000 - 0x00007ffe102cd000 	C:\WINDOWS\System32\IMM32.DLL
0x00007ffdefe40000 - 0x00007ffdeff68000 	C:\Program Files (x86)\Citrix\ICA Client\epclient64.dll
0x00007ffe0c920000 - 0x00007ffe0c951000 	C:\WINDOWS\SYSTEM32\ntmarta.dll
0x00007ffddee70000 - 0x00007ffddee7c000 	C:\Program Files\Java\jdk-15.0.2\bin\vcruntime140_1.dll
0x00007ffdd0420000 - 0x00007ffdd04b1000 	C:\Program Files\Java\jdk-15.0.2\bin\msvcp140.dll
0x00007ffdb0a50000 - 0x00007ffdb15ae000 	C:\Program Files\Java\jdk-15.0.2\bin\server\jvm.dll
0x0000016145450000 - 0x0000016145458000 	C:\WINDOWS\System32\PSAPI.DLL
0x00007ffdeb8b0000 - 0x00007ffdeb8b9000 	C:\WINDOWS\SYSTEM32\WSOCK32.dll
0x00007ffe11770000 - 0x00007ffe117dc000 	C:\WINDOWS\System32\WS2_32.dll
0x00007ffe03dd0000 - 0x00007ffe03df3000 	C:\WINDOWS\SYSTEM32\WINMM.dll
0x00007ffe03da0000 - 0x00007ffe03dca000 	C:\WINDOWS\SYSTEM32\WINMMBASE.dll
0x00007ffe0de00000 - 0x00007ffe0de49000 	C:\WINDOWS\System32\cfgmgr32.dll
0x00007ffe0dba0000 - 0x00007ffe0dbb1000 	C:\WINDOWS\System32\kernel.appcore.dll
0x00007ffddc7e0000 - 0x00007ffddc7ea000 	C:\Program Files\Java\jdk-15.0.2\bin\jimage.dll
0x00007ffe0c2d0000 - 0x00007ffe0c499000 	C:\WINDOWS\SYSTEM32\DBGHELP.DLL
0x00007ffdefc90000 - 0x00007ffdefcb9000 	C:\WINDOWS\SYSTEM32\dbgcore.DLL
0x00007ffdf6ef0000 - 0x00007ffdf6efe000 	C:\Program Files\Java\jdk-15.0.2\bin\instrument.dll
0x00007ffdd94d0000 - 0x00007ffdd94f5000 	C:\Program Files\Java\jdk-15.0.2\bin\java.dll
0x00000161664c0000 - 0x0000016167906000 	C:\WINDOWS\System32\SHELL32.dll
0x0000016167910000 - 0x00000161679b8000 	C:\WINDOWS\System32\shcore.dll
0x00007ffe0e570000 - 0x00007ffe0ec83000 	C:\WINDOWS\System32\windows.storage.dll
0x00007ffe0fc60000 - 0x00007ffe0fcb1000 	C:\WINDOWS\System32\shlwapi.dll
0x00007ffe0db30000 - 0x00007ffe0db4f000 	C:\WINDOWS\System32\profapi.dll
0x00007ffe0db50000 - 0x00007ffe0db9c000 	C:\WINDOWS\System32\powrprof.dll
0x00007ffe0db20000 - 0x00007ffe0db2a000 	C:\WINDOWS\System32\FLTLIB.DLL
0x00007ffdd8600000 - 0x00007ffdd8618000 	C:\Program Files\Java\jdk-15.0.2\bin\zip.dll
0x00007ffddc040000 - 0x00007ffddc059000 	C:\Program Files\Java\jdk-15.0.2\bin\net.dll
0x00007ffe045f0000 - 0x00007ffe046cd000 	C:\WINDOWS\SYSTEM32\WINHTTP.dll
0x00007ffe0d330000 - 0x00007ffe0d396000 	C:\WINDOWS\system32\mswsock.dll
0x00007ffdd8760000 - 0x00007ffdd8772000 	C:\Program Files\Java\jdk-15.0.2\bin\nio.dll
0x00007ffdef600000 - 0x00007ffdef61a000 	C:\Program Files\JetBrains\IntelliJ IDEA Community Edition 2022.1.1\bin\breakgen64.dll
0x00007ffdd9c60000 - 0x00007ffdd9c70000 	C:\Program Files\Java\jdk-15.0.2\bin\verify.dll
0x00007ffdc1610000 - 0x00007ffdc1619000 	C:\Program Files\Java\jdk-15.0.2\bin\management.dll
0x00007ffdc1600000 - 0x00007ffdc160b000 	C:\Program Files\Java\jdk-15.0.2\bin\management_ext.dll
0x00007ffde7440000 - 0x00007ffde7456000 	C:\WINDOWS\system32\napinsp.dll
0x00007ffde6b30000 - 0x00007ffde6b4a000 	C:\WINDOWS\system32\pnrpnsp.dll
0x00007ffe074f0000 - 0x00007ffe07509000 	C:\WINDOWS\system32\NLAapi.dll
0x00007ffe0d0d0000 - 0x00007ffe0d18e000 	C:\WINDOWS\SYSTEM32\DNSAPI.dll
0x00007ffe0fc50000 - 0x00007ffe0fc58000 	C:\WINDOWS\System32\NSI.dll
0x00007ffe0d090000 - 0x00007ffe0d0c8000 	C:\WINDOWS\SYSTEM32\IPHLPAPI.DLL
0x00007ffde67f0000 - 0x00007ffde67fe000 	C:\WINDOWS\System32\winrnr.dll
0x00007ffe03350000 - 0x00007ffe03365000 	C:\WINDOWS\System32\wshbth.dll
0x00007ffe011d0000 - 0x00007ffe011da000 	C:\Windows\System32\rasadhlp.dll
0x00007ffe04ff0000 - 0x00007ffe05062000 	C:\WINDOWS\System32\fwpuclnt.dll
0x00007ffe0d660000 - 0x00007ffe0d685000 	C:\WINDOWS\SYSTEM32\bcrypt.dll
0x00007ffe0d540000 - 0x00007ffe0d557000 	C:\WINDOWS\SYSTEM32\CRYPTSP.dll
0x00007ffe0ccc0000 - 0x00007ffe0ccf3000 	C:\WINDOWS\system32\rsaenh.dll
0x00007ffe0da30000 - 0x00007ffe0da58000 	C:\WINDOWS\SYSTEM32\USERENV.dll
0x00007ffe0d520000 - 0x00007ffe0d52b000 	C:\WINDOWS\SYSTEM32\CRYPTBASE.dll
0x00007ffe04e10000 - 0x00007ffe04e26000 	C:\WINDOWS\SYSTEM32\dhcpcsvc6.DLL
0x00007ffe04b70000 - 0x00007ffe04b8a000 	C:\WINDOWS\SYSTEM32\dhcpcsvc.DLL

dbghelp: loaded successfully - version: 4.0.5 - missing functions: none
symbol engine: initialized successfully - sym options: 0x614 - pdb path: .;C:\Program Files\Java\jdk-15.0.2\bin;C:\WINDOWS\SYSTEM32;C:\WINDOWS\WinSxS\amd64_microsoft.windows.common-controls_6595b64144ccf1df_6.0.17134.2208_none_d3fb8d057c943d4a;C:\Program Files (x86)\Citrix\ICA Client;C:\Program Files\Java\jdk-15.0.2\bin\server;C:\Program Files\JetBrains\IntelliJ IDEA Community Edition 2022.1.1\bin

VM Arguments:
jvm_args: -javaagent:C:\Program Files\JetBrains\IntelliJ IDEA Community Edition 2022.1.1\lib\idea_rt.jar=50267:C:\Program Files\JetBrains\IntelliJ IDEA Community Edition 2022.1.1\bin -Dfile.encoding=UTF-8 
java_command: edu.pfe.staffing.StaffingApplication
java_class_path (initial): C:\Users\ajemaa\New_project-AJ\staffing-28-AUGUST-2022\target\classes;C:\Users\ajemaa\.m2\repository\org\springframework\boot\spring-boot-starter-web\2.1.4.RELEASE\spring-boot-starter-web-2.1.4.RELEASE.jar;C:\Users\ajemaa\.m2\repository\org\springframework\boot\spring-boot-starter\2.1.4.RELEASE\spring-boot-starter-2.1.4.RELEASE.jar;C:\Users\ajemaa\.m2\repository\org\springframework\boot\spring-boot\2.1.4.RELEASE\spring-boot-2.1.4.RELEASE.jar;C:\Users\ajemaa\.m2\repository\org\springframework\boot\spring-boot-autoconfigure\2.1.4.RELEASE\spring-boot-autoconfigure-2.1.4.RELEASE.jar;C:\Users\ajemaa\.m2\repository\org\springframework\boot\spring-boot-starter-logging\2.1.4.RELEASE\spring-boot-starter-logging-2.1.4.RELEASE.jar;C:\Users\ajemaa\.m2\repository\ch\qos\logback\logback-classic\1.2.3\logback-classic-1.2.3.jar;C:\Users\ajemaa\.m2\repository\ch\qos\logback\logback-core\1.2.3\logback-core-1.2.3.jar;C:\Users\ajemaa\.m2\repository\org\apache\logging\log4j\log4j-to-slf4j\2.11.2\log4j-to-slf4j-2.11.2.jar;C:\Users\ajemaa\.m2\repository\org\apache\logging\log4j\log4j-api\2.11.2\log4j-api-2.11.2.jar;C:\Users\ajemaa\.m2\repository\org\slf4j\jul-to-slf4j\1.7.26\jul-to-slf4j-1.7.26.jar;C:\Users\ajemaa\.m2\repository\javax\annotation\javax.annotation-api\1.3.2\javax.annotation-api-1.3.2.jar;C:\Users\ajemaa\.m2\repository\org\yaml\snakeyaml\1.23\snakeyaml-1.23.jar;C:\Users\ajemaa\.m2\repository\org\springframework\boot\spring-boot-starter-json\2.1.4.RELEASE\spring-boot-starter-json-2.1.4.RELEASE.jar;C:\Users\ajemaa\.m2\repository\com\fasterxml\jackson\datatype\jackson-datatype-jdk8\2.9.8\jackson-datatype-jdk8-2.9.8.jar;C:\Users\ajemaa\.m2\repository\com\fasterxml\jackson\datatype\jackson-datatype-jsr310\2.9.8\jackson-datatype-jsr310-2.9.8.jar;C:\Users\ajemaa\.m2\repository\com\fasterxml\jackson\module\jackson-module-parameter-names\2.9.8\jackson-module-parameter-names-2.9.8.jar;C:\Users\ajemaa\.m2\repository\org\springframework\boot\spring-boot-star
Launcher Type: SUN_STANDARD

[Global flags]
     intx CICompilerCount                          = 4                                         {product} {ergonomic}
     uint ConcGCThreads                            = 2                                         {product} {ergonomic}
     uint G1ConcRefinementThreads                  = 8                                         {product} {ergonomic}
   size_t G1HeapRegionSize                         = 1048576                                   {product} {ergonomic}
    uintx GCDrainStackTargetSize                   = 64                                        {product} {ergonomic}
   size_t InitialHeapSize                          = 130023424                                 {product} {ergonomic}
   size_t MarkStackSize                            = 4194304                                   {product} {ergonomic}
   size_t MaxHeapSize                              = 2048917504                                {product} {ergonomic}
   size_t MaxNewSize                               = 1228931072                                {product} {ergonomic}
   size_t MinHeapDeltaBytes                        = 1048576                                   {product} {ergonomic}
   size_t MinHeapSize                              = 8388608                                   {product} {ergonomic}
    uintx NonNMethodCodeHeapSize                   = 5839372                                {pd product} {ergonomic}
    uintx NonProfiledCodeHeapSize                  = 122909434                              {pd product} {ergonomic}
    uintx ProfiledCodeHeapSize                     = 122909434                              {pd product} {ergonomic}
    uintx ReservedCodeCacheSize                    = 251658240                              {pd product} {ergonomic}
     bool SegmentedCodeCache                       = true                                      {product} {ergonomic}
   size_t SoftMaxHeapSize                          = 2048917504                             {manageable} {ergonomic}
     bool UseCompressedClassPointers               = true                                 {lp64_product} {ergonomic}
     bool UseCompressedOops                        = true                                 {lp64_product} {ergonomic}
     bool UseG1GC                                  = true                                      {product} {ergonomic}
     bool UseLargePagesIndividualAllocation        = false                                  {pd product} {ergonomic}

Logging:
Log output configuration:
 #0: stdout all=warning uptime,level,tags
 #1: stderr all=off uptime,level,tags

Environment Variables:
JAVA_HOME=C:\Program Files\Java\jdk1.8.0_202\
PATH="C:\Program Files (x86)\Common Files\Oracle\Java\javapath;C:\xampp\php";C:\app\ajemaa\product\18.0.0\dbhomeXE\bin;C:\WINDOWS\system32;C:\WINDOWS;C:\WINDOWS\System32\Wbem;C:\WINDOWS\System32\WindowsPowerShell\v1.0\;C:\WINDOWS\System32\OpenSSH\;C:\Program Files\Novell\iPrint;C:\WINDOWS\System32\WindowsPowerShell\v1.0\;C:\Program Files\Intel\WiFi\bin\;C:\Program Files\Common Files\Intel\WirelessCommon\;C:\Program Files (x86)\Microsoft SQL Server\150\DTS\Binn\;C:\Program Files\WindowsPowerShell\Scripts\HP.ClientScriptLibrary;C:\wamp64\bin\php\php-7.4.4;C:\Program Files (x86)\Pulse Secure\VC142.CRT\X64\;C:\Program Files (x86)\Pulse Secure\VC142.CRT\X86\;C:\Program Files\Git\cmd;C:\ProgramData\chocolatey\bin;C:\Program Files\Java\jdk1.8.0_202\\bin;C:\Users\ajemaa\New_project-AJ\apache-maven-3.8.5-bin\apache-maven-3.8.5\bin;C:\Program Files\PuTTY\;C:\Users\ajemaa\AppData\Local\Programs\Python\Python310\Scripts\;C:\Users\ajemaa\AppData\Local\Programs\Python\Python310\;C:\Users\ajemaa\AppData\Local\Microsoft\WindowsApps;C:\altera\13.0\modelsim_ase\win32aloem;C:\wamp64\bin\php\php-7.4.4;C:\Users\ajemaa\AppData\Local\ComposerSetup\bin;C:\Users\ajemaa\AppData\Roaming\Composer\vendor\bin;C:\Users\ajemaa\AppData\Local\Programs\Microsoft VS Code\bin;C:\Program Files\JetBrains\IntelliJ IDEA Community Edition 2022.1.1\bin;
USERNAME=ajemaa
OS=Windows_NT
PROCESSOR_IDENTIFIER=Intel64 Family 6 Model 142 Stepping 10, GenuineIntel



---------------  S Y S T E M  ---------------

OS:
 Windows 10 , 64 bit Build 17134 (10.0.17134.2145)
OS uptime: 0 days 0:12 hours
HyperV virtualization detected

CPU: total 8 (initial active 8) (4 cores per cpu, 2 threads per core) family 6 model 142 stepping 10 microcode 0xe0, cmov, cx8, fxsr, mmx, sse, sse2, sse3, ssse3, sse4.1, sse4.2, popcnt, vzeroupper, avx, avx2, aes, clmul, erms, rtm, 3dnowpref, lzcnt, ht, tsc, tscinvbit, bmi1, bmi2, adx, fma, clflush, clflushopt

Memory: 4k page, system-wide physical 7811M (313M free)
TotalPageFile size 12946M (AvailPageFile size 5M)
current process WorkingSet (physical memory assigned to process): 235M, peak: 237M
current process commit charge ("private bytes"): 274M, peak: 275M

vm_info: Java HotSpot(TM) 64-Bit Server VM (15.0.2+7-27) for windows-amd64 JRE (15.0.2+7-27), built on Dec  7 2020 20:07:01 by "mach5one" with unknown MS VC++:1925

END.
